<?xml version="1.0" encoding="utf-8"?><testsuites name="pytest tests"><testsuite name="pytest" errors="0" failures="0" skipped="1" tests="36" time="6.041" timestamp="2026-04-20T19:37:41.521623+00:00" hostname="agent-env-4ee680c8-f962-4b73-9da1-d32ff0cad8d4"><testcase classname="backend.tests.test_device_finder.TestVariantBrandsEndpoint" name="test_returns_list_of_brand_objects" time="0.340" /><testcase classname="backend.tests.test_device_finder.TestVariantBrandsEndpoint" name="test_includes_iphone_brand_with_15_and_15pro" time="0.000" /><testcase classname="backend.tests.test_device_finder.TestVariantBrandsEndpoint" name="test_includes_samsung_s24_ultra" time="0.000" /><testcase classname="backend.tests.test_device_finder.TestVariantBrandsEndpoint" name="test_includes_oneplus_12" time="0.000" /><testcase classname="backend.tests.test_device_finder.TestVariantBrandsEndpoint" name="test_legacy_and_color_only_products_excluded" time="0.000" /><testcase classname="backend.tests.test_device_finder.TestVariantBrandsEndpoint" name="test_models_are_sorted_and_unique" time="0.000" /><testcase classname="backend.tests.test_device_finder.TestVariantBrandsEndpoint" name="test_brands_are_sorted" time="0.000" /><testcase classname="backend.tests.test_device_finder.TestVariantBrandsEndpoint" name="test_category_filter_narrows_results" time="0.254" /><testcase classname="backend.tests.test_device_finder.TestProductsVariantFilter" name="test_variant_brand_iphone_only" time="0.168" /><testcase classname="backend.tests.test_device_finder.TestProductsVariantFilter" name="test_variant_brand_and_model_combined" time="0.159" /><testcase classname="backend.tests.test_device_finder.TestProductsVariantFilter" name="test_variant_model_only_excludes_brand_mismatch" time="0.132" /><testcase classname="backend.tests.test_device_finder.TestProductsVariantFilter" name="test_variant_brand_unknown_returns_empty" time="0.140" /><testcase classname="backend.tests.test_device_finder.TestProductsSearchVariants" name="test_search_iphone_matches_via_variant" time="0.116" /><testcase classname="backend.tests.test_device_finder.TestProductsSearchVariants" name="test_search_samsung_matches_via_variant" time="0.151" /><testcase classname="backend.tests.test_device_finder.TestProductsSearchVariants" name="test_search_s24_ultra_matches_via_variant_model" time="0.123" /><testcase classname="backend.tests.test_device_finder.TestProductsLegacyParams" name="test_legacy_category_filter" time="0.155" /><testcase classname="backend.tests.test_device_finder.TestProductsLegacyParams" name="test_legacy_brand_filter_still_works" time="0.130"><skipped type="pytest.skip" message="no brands seeded">/app/backend/tests/test_device_finder.py:178: no brands seeded</skipped></testcase><testcase classname="backend.tests.test_device_finder.TestProductsLegacyParams" name="test_legacy_search_name_field_still_works" time="0.230" /><testcase classname="backend.tests.test_device_finder.TestProductsLegacyParams" name="test_no_params_returns_all" time="0.108" /><testcase classname="backend.tests.test_variants.TestSeededVariantProducts" name="test_tempered_glass_cascade_seeded" time="0.143" /><testcase classname="backend.tests.test_variants.TestSeededVariantProducts" name="test_silicon_case_colors_seeded" time="0.131" /><testcase classname="backend.tests.test_variants.TestAdminVariantCRUD" name="test_create_product_with_variant_axes" time="0.165" /><testcase classname="backend.tests.test_variants.TestAdminVariantCRUD" name="test_get_created_product_persisted" time="0.109" /><testcase classname="backend.tests.test_variants.TestAdminVariantCRUD" name="test_update_variant_axes_and_variants" time="0.160" /><testcase classname="backend.tests.test_variants.TestAdminVariantCRUD" name="test_cleanup_delete" time="0.172" /><testcase classname="backend.tests.test_variants.TestLegacyVariantsRegression" name="test_legacy_tg001_intact" time="0.124" /><testcase classname="backend.tests.test_variants.TestLegacyVariantsRegression" name="test_legacy_cs001_intact" time="0.108" /><testcase classname="backend.tests.test_variants.TestCartVariantAuth" name="test_get_cart_unauth_401" time="0.119" /><testcase classname="backend.tests.test_variants.TestCartVariantAuth" name="test_post_cart_unauth_401" time="0.182" /><testcase classname="backend.tests.test_variants.TestCartVariantAuth" name="test_put_cart_item_unauth_401" time="0.154" /><testcase classname="backend.tests.test_variants.TestCartVariantAuth" name="test_delete_cart_item_unauth_401" time="0.123" /><testcase classname="backend.tests.test_variants.TestCartVariantAuth" name="test_manual_upi_create_order_unauth_401" time="0.117" /><testcase classname="backend.tests.test_variants.TestCartVariantE2E" name="test_add_two_variants_creates_two_lines" time="0.917" /><testcase classname="backend.tests.test_variants.TestCartVariantE2E" name="test_update_quantity_by_cart_item_id" time="0.115" /><testcase classname="backend.tests.test_variants.TestCartVariantE2E" name="test_manual_upi_includes_variant_modifier" time="0.059" /><testcase classname="backend.tests.test_variants.TestCartVariantE2E" name="test_delete_cart_item_by_id" time="0.812" /></testsuite></testsuites>