<?xml version="1.0" encoding="utf-8"?><testsuites name="pytest tests"><testsuite name="pytest" errors="0" failures="0" skipped="0" tests="25" time="9.788" timestamp="2026-04-04T14:52:31.008939+00:00" hostname="agent-env-f4e877f5-9f3f-464d-9944-137a1e71d810"><testcase classname="backend.tests.test_shop_checkout.TestHealthAndProducts" name="test_health_check" time="0.233" /><testcase classname="backend.tests.test_shop_checkout.TestHealthAndProducts" name="test_get_all_products" time="0.129" /><testcase classname="backend.tests.test_shop_checkout.TestHealthAndProducts" name="test_get_brands" time="0.126" /><testcase classname="backend.tests.test_shop_checkout.TestHealthAndProducts" name="test_get_categories" time="0.132" /><testcase classname="backend.tests.test_shop_checkout.TestHealthAndProducts" name="test_get_subcategories_for_category" time="0.209" /><testcase classname="backend.tests.test_shop_checkout.TestProductFiltering" name="test_filter_by_brand" time="0.117" /><testcase classname="backend.tests.test_shop_checkout.TestProductFiltering" name="test_filter_by_category" time="0.110" /><testcase classname="backend.tests.test_shop_checkout.TestProductFiltering" name="test_filter_by_subcategory" time="0.127" /><testcase classname="backend.tests.test_shop_checkout.TestProductFiltering" name="test_filter_by_device_model" time="0.170" /><testcase classname="backend.tests.test_shop_checkout.TestProductFiltering" name="test_combined_filters" time="0.098" /><testcase classname="backend.tests.test_shop_checkout.TestProductFiltering" name="test_search_functionality" time="0.098" /><testcase classname="backend.tests.test_shop_checkout.TestProductFiltering" name="test_sort_by_price_asc" time="0.110" /><testcase classname="backend.tests.test_shop_checkout.TestProductFiltering" name="test_sort_by_price_desc" time="0.142" /><testcase classname="backend.tests.test_shop_checkout.TestUPIPaymentConfig" name="test_get_upi_config" time="0.104" /><testcase classname="backend.tests.test_shop_checkout.TestUPIPaymentConfig" name="test_payment_config" time="0.099" /><testcase classname="backend.tests.test_shop_checkout.TestAuthenticatedFlows" name="test_auth_me" time="0.780" /><testcase classname="backend.tests.test_shop_checkout.TestAuthenticatedFlows" name="test_cart_empty_initially" time="0.767" /><testcase classname="backend.tests.test_shop_checkout.TestAuthenticatedFlows" name="test_add_to_cart" time="0.966" /><testcase classname="backend.tests.test_shop_checkout.TestAuthenticatedFlows" name="test_update_cart_quantity" time="1.244" /><testcase classname="backend.tests.test_shop_checkout.TestAuthenticatedFlows" name="test_remove_from_cart" time="1.106" /><testcase classname="backend.tests.test_shop_checkout.TestAuthenticatedFlows" name="test_manual_upi_create_order" time="0.979" /><testcase classname="backend.tests.test_shop_checkout.TestAuthenticatedFlows" name="test_submit_utr" time="1.093" /><testcase classname="backend.tests.test_shop_checkout.TestAuthenticatedFlows" name="test_get_orders" time="0.755" /><testcase classname="backend.tests.test_shop_checkout.TestDeliveryEstimation" name="test_metro_pincode_delivery" time="0.000" /><testcase classname="backend.tests.test_shop_checkout.TestDeliveryEstimation" name="test_non_metro_pincode_delivery" time="0.000" /></testsuite></testsuites>