<?xml version="1.0" encoding="utf-8"?><testsuites name="pytest tests"><testsuite name="pytest" errors="0" failures="0" skipped="0" tests="17" time="3.677" timestamp="2026-04-20T19:23:42.079121+00:00" hostname="agent-env-4ee680c8-f962-4b73-9da1-d32ff0cad8d4"><testcase classname="backend.tests.test_variants.TestSeededVariantProducts" name="test_tempered_glass_cascade_seeded" time="0.152" /><testcase classname="backend.tests.test_variants.TestSeededVariantProducts" name="test_silicon_case_colors_seeded" time="0.113" /><testcase classname="backend.tests.test_variants.TestAdminVariantCRUD" name="test_create_product_with_variant_axes" time="0.177" /><testcase classname="backend.tests.test_variants.TestAdminVariantCRUD" name="test_get_created_product_persisted" time="0.122" /><testcase classname="backend.tests.test_variants.TestAdminVariantCRUD" name="test_update_variant_axes_and_variants" time="0.166" /><testcase classname="backend.tests.test_variants.TestAdminVariantCRUD" name="test_cleanup_delete" time="0.177" /><testcase classname="backend.tests.test_variants.TestLegacyVariantsRegression" name="test_legacy_tg001_intact" time="0.118" /><testcase classname="backend.tests.test_variants.TestLegacyVariantsRegression" name="test_legacy_cs001_intact" time="0.106" /><testcase classname="backend.tests.test_variants.TestCartVariantAuth" name="test_get_cart_unauth_401" time="0.112" /><testcase classname="backend.tests.test_variants.TestCartVariantAuth" name="test_post_cart_unauth_401" time="0.112" /><testcase classname="backend.tests.test_variants.TestCartVariantAuth" name="test_put_cart_item_unauth_401" time="0.120" /><testcase classname="backend.tests.test_variants.TestCartVariantAuth" name="test_delete_cart_item_unauth_401" time="0.124" /><testcase classname="backend.tests.test_variants.TestCartVariantAuth" name="test_manual_upi_create_order_unauth_401" time="0.118" /><testcase classname="backend.tests.test_variants.TestCartVariantE2E" name="test_add_two_variants_creates_two_lines" time="0.934" /><testcase classname="backend.tests.test_variants.TestCartVariantE2E" name="test_update_quantity_by_cart_item_id" time="0.108" /><testcase classname="backend.tests.test_variants.TestCartVariantE2E" name="test_manual_upi_includes_variant_modifier" time="0.053" /><testcase classname="backend.tests.test_variants.TestCartVariantE2E" name="test_delete_cart_item_by_id" time="0.793" /></testsuite></testsuites>