<?xml version="1.0" encoding="utf-8"?><testsuites name="pytest tests"><testsuite name="pytest" errors="0" failures="0" skipped="0" tests="26" time="9.607" timestamp="2026-03-30T00:33:47.515623+00:00" hostname="agent-env-b355c3be-e239-4855-a4df-90aa3b8a9bd2"><testcase classname="backend.tests.test_new_features.TestAdminRBAC" name="test_admin_login_owner" time="0.530" /><testcase classname="backend.tests.test_new_features.TestAdminRBAC" name="test_admin_login_warehouse_manager" time="0.368" /><testcase classname="backend.tests.test_new_features.TestAdminRBAC" name="test_admin_login_legacy_password_only" time="0.120" /><testcase classname="backend.tests.test_new_features.TestAdminRBAC" name="test_admin_login_invalid_credentials" time="0.381" /><testcase classname="backend.tests.test_new_features.TestAdminRBAC" name="test_admin_verify_returns_role" time="0.484" /><testcase classname="backend.tests.test_new_features.TestCoupons" name="test_get_coupons_owner" time="0.385" /><testcase classname="backend.tests.test_new_features.TestCoupons" name="test_preseeded_coupons_exist" time="0.383" /><testcase classname="backend.tests.test_new_features.TestCoupons" name="test_create_coupon_owner_only" time="0.817" /><testcase classname="backend.tests.test_new_features.TestCoupons" name="test_delete_coupon_owner_only" time="0.835" /><testcase classname="backend.tests.test_new_features.TestCouponValidation" name="test_validate_welcome10_coupon" time="0.127" /><testcase classname="backend.tests.test_new_features.TestCouponValidation" name="test_validate_flat100_coupon" time="0.122" /><testcase classname="backend.tests.test_new_features.TestCouponValidation" name="test_validate_snap20_coupon" time="0.111" /><testcase classname="backend.tests.test_new_features.TestCouponValidation" name="test_coupon_min_order_not_met" time="0.111" /><testcase classname="backend.tests.test_new_features.TestCouponValidation" name="test_invalid_coupon_code" time="0.104" /><testcase classname="backend.tests.test_new_features.TestAnalytics" name="test_analytics_endpoint" time="0.391" /><testcase classname="backend.tests.test_new_features.TestProductVariants" name="test_product_with_variants" time="0.128" /><testcase classname="backend.tests.test_new_features.TestProductVariants" name="test_variant_types" time="0.266" /><testcase classname="backend.tests.test_new_features.TestWhatsAppConfig" name="test_whatsapp_config_public" time="0.123" /><testcase classname="backend.tests.test_new_features.TestWhatsAppConfig" name="test_update_whatsapp_number" time="0.557" /><testcase classname="backend.tests.test_new_features.TestAdminUserManagement" name="test_get_admin_users" time="0.535" /><testcase classname="backend.tests.test_new_features.TestAdminUserManagement" name="test_create_admin_user" time="0.660" /><testcase classname="backend.tests.test_new_features.TestWarehouseManagerAccess" name="test_warehouse_can_view_products" time="0.381" /><testcase classname="backend.tests.test_new_features.TestWarehouseManagerAccess" name="test_warehouse_can_view_dead_stock" time="0.389" /><testcase classname="backend.tests.test_new_features.TestWarehouseManagerAccess" name="test_warehouse_cannot_view_orders" time="0.394" /><testcase classname="backend.tests.test_new_features.TestWarehouseManagerAccess" name="test_warehouse_cannot_access_team" time="0.412" /><testcase classname="backend.tests.test_new_features.TestWarehouseManagerAccess" name="test_warehouse_cannot_update_settings" time="0.380" /></testsuite></testsuites>